<html>
<head>
<title>TestNG:  Functional Tests</title>
<link href="../testng.css" rel="stylesheet" type="text/css" />
<link href="../my-testng.css" rel="stylesheet" type="text/css" />

<style type="text/css">
.log { display: none;} 
.stack-trace { display: none;} 
</style>
<script type="text/javascript">
<!--
function flip(e) {
  current = e.style.display;
  if (current == 'block') {
    e.style.display = 'none';
    return 0;
  }
  else {
    e.style.display = 'block';
    return 1;
  }
}

function toggleBox(szDivId, elem, msg1, msg2)
{
  var res = -1;  if (document.getElementById) {
    res = flip(document.getElementById(szDivId));
  }
  else if (document.all) {
    // this is the way old msie versions work
    res = flip(document.all[szDivId]);
  }
  if(elem) {
    if(res == 0) elem.innerHTML = msg1; else elem.innerHTML = msg2;
  }

}

function toggleAllBoxes() {
  if (document.getElementsByTagName) {
    d = document.getElementsByTagName('div');
    for (i = 0; i < d.length; i++) {
      if (d[i].className == 'log') {
        flip(d[i]);
      }
    }
  }
}

// -->
</script>

</head>
<body>
<h2 align='center'>Functional Tests</h2><table border='1' align="center">
<tr>
<td>Tests passed/Failed/Skipped:</td><td>5/1/0</td>
</tr><tr>
<td>Started on:</td><td>Sat Jan 04 19:06:18 CET 2020</td>
</tr>
<tr><td>Total time:</td><td>171 seconds (171932 ms)</td>
</tr><tr>
<td>Included groups:</td><td></td>
</tr><tr>
<td>Excluded groups:</td><td></td>
</tr>
</table><p/>
<small><i>(Hover the method name to see the test class name)</i></small><p/>
<table width='100%' border='1' class='invocation-failed'>
<tr><td colspan='4' align='center'><b>FAILED TESTS</b></td></tr>
<tr><td><b>Test method</b></td>
<td width="30%"><b>Exception</b></td>
<td width="10%"><b>Time (seconds)</b></td>
<td><b>Instance</b></td>
</tr>
<tr>
<td title='com.tomtom.tests.SignInPageTest.signInFailure()'><b>signInFailure</b><br>Test class: com.tomtom.tests.SignInPageTest<br/>
<a href="#Output-1648700617" onClick='toggleBox("Output-1648700617", this, "Show output", "Hide output");'>Show output</a>

<a href="#Output-1648700617" onClick="toggleAllBoxes();">Show all outputs</a>
<div class='log' id="Output-1648700617">
Sign In failure test case...<br/>
clicking on sign in button<br/>
Performing click on signing button...<br/>
Clearing field at location: [[FirefoxDriver: firefox on MAC (51d717d5-e06e-804d-9256-eeb4a3c434dd)] -> name: dwfrm_login_username]<br/>
Entering value: QjOyB@gmail.comat location: [[FirefoxDriver: firefox on MAC (51d717d5-e06e-804d-9256-eeb4a3c434dd)] -> name: dwfrm_login_username]<br/>
Clearing field at location: [[FirefoxDriver: firefox on MAC (51d717d5-e06e-804d-9256-eeb4a3c434dd)] -> name: dwfrm_login_password]<br/>
Entering value: Demo@1234at location: [[FirefoxDriver: firefox on MAC (51d717d5-e06e-804d-9256-eeb4a3c434dd)] -> name: dwfrm_login_password]<br/>
clicked on [[FirefoxDriver: firefox on MAC (51d717d5-e06e-804d-9256-eeb4a3c434dd)] -> name: dwfrm_login_login]button<br/>
</div>
</td>
<td><div><pre>org.openqa.selenium.TimeoutException: Expected condition failed: waiting for visibility of Proxy element for: DefaultElementLocator &apos;By.xpath: //span[text()=&apos;my HEMA&apos;]&apos; (tried for 15 second(s) with 50 milliseconds interval)
	at org.openqa.selenium.support.ui.WebDriverWait.timeoutException(WebDriverWait.java:95)
	at org.openqa.selenium.support.ui.FluentWait.until(FluentWait.java:272)
	at com.tomtom.pages.SignInPage.verifySignedInPage(SignInPage.java:117)
	at com.tomtom.pages.SignInPage.verifySignInFailure(SignInPage.java:85)
	at com.tomtom.tests.SignInPageTest.signInFailure(SignInPageTest.java:38)
	at java.util.ArrayList.forEach(ArrayList.java:1257)
Caused by: org.openqa.selenium.NoSuchElementException: Unable to locate element: //span[text()=&apos;my HEMA&apos;]
For documentation on this error, please visit: https://www.seleniumhq.org/exceptions/no_such_element.html
Build info: version: &apos;3.141.59&apos;, revision: &apos;e82be7d358&apos;, time: &apos;2018-11-14T08:17:03&apos;
System info: host: &apos;Anujs-MacBook-Air.local&apos;, ip: &apos;fe80:0:0:0:100a:d862:3667:d8e8%en0&apos;, os.name: &apos;Mac OS X&apos;, os.arch: &apos;x86_64&apos;, os.version: &apos;10.15.2&apos;, java.version: &apos;1.8.0_212&apos;
Driver info: org.openqa.selenium.firefox.FirefoxDriver
Capabilities {acceptInsecureCerts: true, browserName: firefox, browserVersion: 71.0, javascriptEnabled: true, moz:accessibilityChecks: false, moz:buildID: 20191202093317, moz:geckodriverVersion: 0.26.0, moz:headless: false, moz:processID: 11392, moz:profile: /var/folders/7q/8dd0g7w153q..., moz:shutdownTimeout: 60000, moz:useNonSpecCompliantPointerOrigin: false, moz:webdriverClick: true, pageLoadStrategy: normal, platform: MAC, platformName: MAC, platformVersion: 19.2.0, rotatable: false, setWindowRect: true, strictFileInteractability: false, timeouts: {implicit: 0, pageLoad: 300000, script: 30000}, unhandledPromptBehavior: dismiss and notify}
Session ID: 51d717d5-e06e-804d-9256-eeb4a3c434dd
*** Element info: {Using=xpath, value=//span[text()=&apos;my HEMA&apos;]}
	at org.openqa.selenium.remote.http.W3CHttpResponseCodec.createException(W3CHttpResponseCodec.java:187)
	at org.openqa.selenium.remote.http.W3CHttpResponseCodec.decode(W3CHttpResponseCodec.java:122)
	at org.openqa.selenium.remote.http.W3CHttpResponseCodec.decode(W3CHttpResponseCodec.java:49)
	at org.openqa.selenium.remote.HttpCommandExecutor.execute(HttpCommandExecutor.java:158)
	at org.openqa.selenium.remote.service.DriverCommandExecutor.execute(DriverCommandExecutor.java:83)
	at org.openqa.selenium.remote.RemoteWebDriver.execute(RemoteWebDriver.java:552)
	at org.openqa.selenium.remote.RemoteWebDriver.findElement(RemoteWebDriver.java:323)
	at org.openqa.selenium.remote.RemoteWebDriver.findElementByXPath(RemoteWebDriver.java:428)
	at org.openqa.selenium.By$ByXPath.findElement(By.java:353)
	at org.openqa.selenium.remote.RemoteWebDriver.findElement(RemoteWebDriver.java:315)
	at org.openqa.selenium.support.pagefactory.DefaultElementLocator.findElement(DefaultElementLocator.java:69)
	at org.openqa.selenium.support.pagefactory.internal.LocatingElementHandler.invoke(LocatingElementHandler.java:38)
	at com.sun.proxy.$Proxy26.isDisplayed(Unknown Source)
	at org.openqa.selenium.support.ui.ExpectedConditions.elementIfVisible(ExpectedConditions.java:314)
	at org.openqa.selenium.support.ui.ExpectedConditions.access$000(ExpectedConditions.java:43)
	at org.openqa.selenium.support.ui.ExpectedConditions$10.apply(ExpectedConditions.java:300)
	at org.openqa.selenium.support.ui.ExpectedConditions$10.apply(ExpectedConditions.java:297)
	at org.openqa.selenium.support.ui.FluentWait.until(FluentWait.java:249)
	... 31 more
... Removed 31 stack frames</pre></div><a href='#' onClick='toggleBox("stack-trace1648700617", this, "Click to show all stack frames", "Click to hide stack frames")'>Click to show all stack frames</a>
<div class='stack-trace' id='stack-trace1648700617'><pre>org.openqa.selenium.TimeoutException: Expected condition failed: waiting for visibility of Proxy element for: DefaultElementLocator &apos;By.xpath: //span[text()=&apos;my HEMA&apos;]&apos; (tried for 15 second(s) with 50 milliseconds interval)
	at org.openqa.selenium.support.ui.WebDriverWait.timeoutException(WebDriverWait.java:95)
	at org.openqa.selenium.support.ui.FluentWait.until(FluentWait.java:272)
	at com.tomtom.pages.SignInPage.verifySignedInPage(SignInPage.java:117)
	at com.tomtom.pages.SignInPage.verifySignInFailure(SignInPage.java:85)
	at com.tomtom.tests.SignInPageTest.signInFailure(SignInPageTest.java:38)
	at sun.reflect.NativeMethodAccessorImpl.invoke0(Native Method)
	at sun.reflect.NativeMethodAccessorImpl.invoke(NativeMethodAccessorImpl.java:62)
	at sun.reflect.DelegatingMethodAccessorImpl.invoke(DelegatingMethodAccessorImpl.java:43)
	at java.lang.reflect.Method.invoke(Method.java:498)
	at org.testng.internal.MethodInvocationHelper.invokeMethod(MethodInvocationHelper.java:133)
	at org.testng.internal.TestInvoker.invokeMethod(TestInvoker.java:584)
	at org.testng.internal.TestInvoker.invokeTestMethod(TestInvoker.java:172)
	at org.testng.internal.MethodRunner.runInSequence(MethodRunner.java:46)
	at org.testng.internal.TestInvoker$MethodInvocationAgent.invoke(TestInvoker.java:804)
	at org.testng.internal.TestInvoker.invokeTestMethods(TestInvoker.java:145)
	at org.testng.internal.TestMethodWorker.invokeTestMethods(TestMethodWorker.java:146)
	at org.testng.internal.TestMethodWorker.run(TestMethodWorker.java:128)
	at java.util.ArrayList.forEach(ArrayList.java:1257)
	at org.testng.TestRunner.privateRun(TestRunner.java:770)
	at org.testng.TestRunner.run(TestRunner.java:591)
	at org.testng.SuiteRunner.runTest(SuiteRunner.java:402)
	at org.testng.SuiteRunner.runSequentially(SuiteRunner.java:396)
	at org.testng.SuiteRunner.privateRun(SuiteRunner.java:355)
	at org.testng.SuiteRunner.run(SuiteRunner.java:304)
	at org.testng.SuiteRunnerWorker.runSuite(SuiteRunnerWorker.java:53)
	at org.testng.SuiteRunnerWorker.run(SuiteRunnerWorker.java:96)
	at org.testng.TestNG.runSuitesSequentially(TestNG.java:1180)
	at org.testng.TestNG.runSuitesLocally(TestNG.java:1102)
	at org.testng.TestNG.runSuites(TestNG.java:1032)
	at org.testng.TestNG.run(TestNG.java:1000)
	at org.testng.remote.AbstractRemoteTestNG.run(AbstractRemoteTestNG.java:115)
	at org.testng.remote.RemoteTestNG.initAndRun(RemoteTestNG.java:251)
	at org.testng.remote.RemoteTestNG.main(RemoteTestNG.java:77)
Caused by: org.openqa.selenium.NoSuchElementException: Unable to locate element: //span[text()=&apos;my HEMA&apos;]
For documentation on this error, please visit: https://www.seleniumhq.org/exceptions/no_such_element.html
Build info: version: &apos;3.141.59&apos;, revision: &apos;e82be7d358&apos;, time: &apos;2018-11-14T08:17:03&apos;
System info: host: &apos;Anujs-MacBook-Air.local&apos;, ip: &apos;fe80:0:0:0:100a:d862:3667:d8e8%en0&apos;, os.name: &apos;Mac OS X&apos;, os.arch: &apos;x86_64&apos;, os.version: &apos;10.15.2&apos;, java.version: &apos;1.8.0_212&apos;
Driver info: org.openqa.selenium.firefox.FirefoxDriver
Capabilities {acceptInsecureCerts: true, browserName: firefox, browserVersion: 71.0, javascriptEnabled: true, moz:accessibilityChecks: false, moz:buildID: 20191202093317, moz:geckodriverVersion: 0.26.0, moz:headless: false, moz:processID: 11392, moz:profile: /var/folders/7q/8dd0g7w153q..., moz:shutdownTimeout: 60000, moz:useNonSpecCompliantPointerOrigin: false, moz:webdriverClick: true, pageLoadStrategy: normal, platform: MAC, platformName: MAC, platformVersion: 19.2.0, rotatable: false, setWindowRect: true, strictFileInteractability: false, timeouts: {implicit: 0, pageLoad: 300000, script: 30000}, unhandledPromptBehavior: dismiss and notify}
Session ID: 51d717d5-e06e-804d-9256-eeb4a3c434dd
*** Element info: {Using=xpath, value=//span[text()=&apos;my HEMA&apos;]}
	at sun.reflect.NativeConstructorAccessorImpl.newInstance0(Native Method)
	at sun.reflect.NativeConstructorAccessorImpl.newInstance(NativeConstructorAccessorImpl.java:62)
	at sun.reflect.DelegatingConstructorAccessorImpl.newInstance(DelegatingConstructorAccessorImpl.java:45)
	at java.lang.reflect.Constructor.newInstance(Constructor.java:423)
	at org.openqa.selenium.remote.http.W3CHttpResponseCodec.createException(W3CHttpResponseCodec.java:187)
	at org.openqa.selenium.remote.http.W3CHttpResponseCodec.decode(W3CHttpResponseCodec.java:122)
	at org.openqa.selenium.remote.http.W3CHttpResponseCodec.decode(W3CHttpResponseCodec.java:49)
	at org.openqa.selenium.remote.HttpCommandExecutor.execute(HttpCommandExecutor.java:158)
	at org.openqa.selenium.remote.service.DriverCommandExecutor.execute(DriverCommandExecutor.java:83)
	at org.openqa.selenium.remote.RemoteWebDriver.execute(RemoteWebDriver.java:552)
	at org.openqa.selenium.remote.RemoteWebDriver.findElement(RemoteWebDriver.java:323)
	at org.openqa.selenium.remote.RemoteWebDriver.findElementByXPath(RemoteWebDriver.java:428)
	at org.openqa.selenium.By$ByXPath.findElement(By.java:353)
	at org.openqa.selenium.remote.RemoteWebDriver.findElement(RemoteWebDriver.java:315)
	at org.openqa.selenium.support.pagefactory.DefaultElementLocator.findElement(DefaultElementLocator.java:69)
	at org.openqa.selenium.support.pagefactory.internal.LocatingElementHandler.invoke(LocatingElementHandler.java:38)
	at com.sun.proxy.$Proxy26.isDisplayed(Unknown Source)
	at org.openqa.selenium.support.ui.ExpectedConditions.elementIfVisible(ExpectedConditions.java:314)
	at org.openqa.selenium.support.ui.ExpectedConditions.access$000(ExpectedConditions.java:43)
	at org.openqa.selenium.support.ui.ExpectedConditions$10.apply(ExpectedConditions.java:300)
	at org.openqa.selenium.support.ui.ExpectedConditions$10.apply(ExpectedConditions.java:297)
	at org.openqa.selenium.support.ui.FluentWait.until(FluentWait.java:249)
	... 31 more
</pre></div></td>
<td>43</td>
<td>com.tomtom.tests.SignInPageTest@70325e14</td></tr>
</table><p>
<table width='100%' border='1' class='invocation-passed'>
<tr><td colspan='4' align='center'><b>PASSED TESTS</b></td></tr>
<tr><td><b>Test method</b></td>
<td width="30%"><b>Exception</b></td>
<td width="10%"><b>Time (seconds)</b></td>
<td><b>Instance</b></td>
</tr>
<tr>
<td title='com.tomtom.tests.AddToCartPageTest.addItemsToCart()'><b>addItemsToCart</b><br>Test class: com.tomtom.tests.AddToCartPageTest<br/>
<a href="#Output-116356643" onClick='toggleBox("Output-116356643", this, "Show output", "Hide output");'>Show output</a>

<a href="#Output-116356643" onClick="toggleAllBoxes();">Show all outputs</a>
<div class='log' id="Output-116356643">
Adding item to cart is in progress...<br/>
Clearing field at location: [[FirefoxDriver: firefox on MAC (cdb8ae1f-f3b2-974c-b1de-7c1acc07f460)] -> id: q]<br/>
Entering value: jacket at location: [[FirefoxDriver: firefox on MAC (cdb8ae1f-f3b2-974c-b1de-7c1acc07f460)] -> id: q]<br/>
Pressed Enter Key to perform search for: jacket product<br/>
Clicked on [[FirefoxDriver: firefox on MAC (cdb8ae1f-f3b2-974c-b1de-7c1acc07f460)] -> xpath: (//div[@class='product-image'])[1]]image<br/>
Fetching text for [[FirefoxDriver: firefox on MAC (cdb8ae1f-f3b2-974c-b1de-7c1acc07f460)] -> id: add-to-cart]. Text value: add to basket<br/>
[[FirefoxDriver: firefox on MAC (cdb8ae1f-f3b2-974c-b1de-7c1acc07f460)] -> xpath: (//li[@class='selectable variation-group-value ']//a)[1]] size selected from the available size options<br/>
Clicked on [[FirefoxDriver: firefox on MAC (cdb8ae1f-f3b2-974c-b1de-7c1acc07f460)] -> id: add-to-cart]image<br/>
Shopping cart is opened successfully.<br/>
Verifying whether item is added to basket or not...<br/>
Fetching text for [[FirefoxDriver: firefox on MAC (cdb8ae1f-f3b2-974c-b1de-7c1acc07f460)] -> xpath: //div[@class='product-info']/span[@class='title']]. Text value: children's jacket (5x)<br/>
Fetching text for [[FirefoxDriver: firefox on MAC (cdb8ae1f-f3b2-974c-b1de-7c1acc07f460)] -> xpath: //div[@class='product-title-price']]. Text value: children's jacket<br/>
Item is added to shopping cart successfully<br/>
</div>
</td>
<td></td>
<td>15</td>
<td>com.tomtom.tests.AddToCartPageTest@37ceb1df</td></tr>
<tr>
<td title='com.tomtom.tests.AddToCartPageTest.verifySignIn()'><b>verifySignIn</b><br>Test class: com.tomtom.tests.AddToCartPageTest<br/>
<a href="#Output-1627496281" onClick='toggleBox("Output-1627496281", this, "Show output", "Hide output");'>Show output</a>

<a href="#Output-1627496281" onClick="toggleAllBoxes();">Show all outputs</a>
<div class='log' id="Output-1627496281">
SignIn is in progress...<br/>
clicking on sign in button<br/>
Performing click on signing button...<br/>
Fetching text for [[FirefoxDriver: firefox on MAC (cdb8ae1f-f3b2-974c-b1de-7c1acc07f460)] -> xpath: //h1[contains(text(),'sign in')]]. Text value: sign in<br/>
Clearing field at location: [[FirefoxDriver: firefox on MAC (cdb8ae1f-f3b2-974c-b1de-7c1acc07f460)] -> name: dwfrm_login_username]<br/>
Entering value: dummy@gmail.comat location: [[FirefoxDriver: firefox on MAC (cdb8ae1f-f3b2-974c-b1de-7c1acc07f460)] -> name: dwfrm_login_username]<br/>
Clearing field at location: [[FirefoxDriver: firefox on MAC (cdb8ae1f-f3b2-974c-b1de-7c1acc07f460)] -> name: dwfrm_login_password]<br/>
Entering value: Demo@1234at location: [[FirefoxDriver: firefox on MAC (cdb8ae1f-f3b2-974c-b1de-7c1acc07f460)] -> name: dwfrm_login_password]<br/>
clicked on Proxy element for: DefaultElementLocator 'By.name: dwfrm_login_login'button<br/>
SignIn successful.<br/>
</div>
</td>
<td></td>
<td>23</td>
<td>com.tomtom.tests.AddToCartPageTest@37ceb1df</td></tr>
<tr>
<td title='com.tomtom.tests.SignInPageTest.verifySignInFunction()'><b>verifySignInFunction</b><br>Test class: com.tomtom.tests.SignInPageTest<br/>
<a href="#Output-417797183" onClick='toggleBox("Output-417797183", this, "Show output", "Hide output");'>Show output</a>

<a href="#Output-417797183" onClick="toggleAllBoxes();">Show all outputs</a>
<div class='log' id="Output-417797183">
Sign In functionality details...<br/>
clicking on sign in button<br/>
Performing click on signing button...<br/>
Fetching text for [[FirefoxDriver: firefox on MAC (51d717d5-e06e-804d-9256-eeb4a3c434dd)] -> xpath: //h1[contains(text(),'sign in')]]. Text value: sign in<br/>
Clearing field at location: [[FirefoxDriver: firefox on MAC (51d717d5-e06e-804d-9256-eeb4a3c434dd)] -> name: dwfrm_login_username]<br/>
Entering value: dummy@gmail.comat location: [[FirefoxDriver: firefox on MAC (51d717d5-e06e-804d-9256-eeb4a3c434dd)] -> name: dwfrm_login_username]<br/>
Clearing field at location: [[FirefoxDriver: firefox on MAC (51d717d5-e06e-804d-9256-eeb4a3c434dd)] -> name: dwfrm_login_password]<br/>
Entering value: Demo@1234at location: [[FirefoxDriver: firefox on MAC (51d717d5-e06e-804d-9256-eeb4a3c434dd)] -> name: dwfrm_login_password]<br/>
clicked on Proxy element for: DefaultElementLocator 'By.name: dwfrm_login_login'button<br/>
Sign In is successful.<br/>
</div>
</td>
<td></td>
<td>22</td>
<td>com.tomtom.tests.SignInPageTest@70325e14</td></tr>
<tr>
<td title='com.tomtom.tests.SignOutPageTest.verifySignInFunction()'><b>verifySignInFunction</b><br>Test class: com.tomtom.tests.SignOutPageTest<br/>
<a href="#Output-727018418" onClick='toggleBox("Output-727018418", this, "Show output", "Hide output");'>Show output</a>

<a href="#Output-727018418" onClick="toggleAllBoxes();">Show all outputs</a>
<div class='log' id="Output-727018418">
Sign In process is in progress...<br/>
clicking on sign in button<br/>
Performing click on signing button...<br/>
Fetching text for [[FirefoxDriver: firefox on MAC (9cb2f3d1-5ea0-c74b-b120-2a2e943f3a41)] -> xpath: //h1[contains(text(),'sign in')]]. Text value: sign in<br/>
Clearing field at location: [[FirefoxDriver: firefox on MAC (9cb2f3d1-5ea0-c74b-b120-2a2e943f3a41)] -> name: dwfrm_login_username]<br/>
Entering value: dummy@gmail.comat location: [[FirefoxDriver: firefox on MAC (9cb2f3d1-5ea0-c74b-b120-2a2e943f3a41)] -> name: dwfrm_login_username]<br/>
Clearing field at location: [[FirefoxDriver: firefox on MAC (9cb2f3d1-5ea0-c74b-b120-2a2e943f3a41)] -> name: dwfrm_login_password]<br/>
Entering value: Demo@1234at location: [[FirefoxDriver: firefox on MAC (9cb2f3d1-5ea0-c74b-b120-2a2e943f3a41)] -> name: dwfrm_login_password]<br/>
clicked on Proxy element for: DefaultElementLocator 'By.name: dwfrm_login_login'button<br/>
SignIn successful.<br/>
</div>
</td>
<td></td>
<td>24</td>
<td>com.tomtom.tests.SignOutPageTest@7c9d8e2</td></tr>
<tr>
<td title='com.tomtom.tests.SignOutPageTest.verifySignOutFunction()'><b>verifySignOutFunction</b><br>Test class: com.tomtom.tests.SignOutPageTest<br/>
<a href="#Output-680319659" onClick='toggleBox("Output-680319659", this, "Show output", "Hide output");'>Show output</a>

<a href="#Output-680319659" onClick="toggleAllBoxes();">Show all outputs</a>
<div class='log' id="Output-680319659">
Sign Out process is in progress...<br/>
clicked on [[FirefoxDriver: firefox on MAC (9cb2f3d1-5ea0-c74b-b120-2a2e943f3a41)] -> xpath: //span[text()='my HEMA']]button<br/>
Navigated to SignOut Page<br/>
clicked on Proxy element for: DefaultElementLocator 'By.xpath: //a[@title='sign out']'button<br/>
Sign Out is successful.<br/>
</div>
</td>
<td></td>
<td>18</td>
<td>com.tomtom.tests.SignOutPageTest@7c9d8e2</td></tr>
</table><p>
</body>
</html>